#
# A fatal error has been detected by the Java Runtime Environment:
#
#  EXCEPTION_ACCESS_VIOLATION (0xc0000005) at pc=0x00007ff88f5f3ab6, pid=10256, tid=11704
#
# JRE version: OpenJDK Runtime Environment (11.0.13) (build 11.0.13+0-b1751.21-8125866)
# Java VM: OpenJDK 64-Bit Server VM (11.0.13+0-b1751.21-8125866, mixed mode, tiered, compressed oops, g1 gc, windows-amd64)
# Problematic frame:
# V  [jvm.dll+0x363ab6]
#
# No core dump will be written. Minidumps are not enabled by default on client versions of Windows
#
# If you would like to submit a bug report, please visit:
#   https://bugreport.java.com/bugreport/crash.jsp
#

---------------  S U M M A R Y ------------

Command Line: --add-opens=java.base/java.util=ALL-UNNAMED --add-opens=java.base/java.lang=ALL-UNNAMED --add-opens=java.base/java.lang.invoke=ALL-UNNAMED --add-opens=java.base/java.util=ALL-UNNAMED --add-opens=java.prefs/java.util.prefs=ALL-UNNAMED --add-opens=java.prefs/java.util.prefs=ALL-UNNAMED --add-opens=java.base/java.nio.charset=ALL-UNNAMED --add-opens=java.base/java.net=ALL-UNNAMED --add-opens=java.base/java.util.concurrent.atomic=ALL-UNNAMED -Xmx2048m -Dfile.encoding=UTF-8 -Duser.country=US -Duser.language=en -Duser.variant org.gradle.launcher.daemon.bootstrap.GradleDaemon 7.4

Host: Intel(R) Core(TM) i3-3110M CPU @ 2.40GHz, 4 cores, 7G,  Windows 11 , 64 bit Build 22000 (10.0.22000.1516)
Time: Sat Mar 25 10:17:54 2023 India Standard Time elapsed time: 25.502880 seconds (0d 0h 0m 25s)

---------------  T H R E A D  ---------------

Current thread (0x000001707eb5b800):  JavaThread "C2 CompilerThread0" daemon [_thread_in_native, id=11704, stack(0x0000006c75700000,0x0000006c75800000)]


Current CompileTask:
C2:  25503 6082   !   4       com.google.common.reflect.TypeVisitor::visit (244 bytes)

Stack: [0x0000006c75700000,0x0000006c75800000],  sp=0x0000006c757fba70,  free space=1006k
Native frames: (J=compiled Java code, j=interpreted, Vv=VM code, C=native code)
V  [jvm.dll+0x363ab6]
V  [jvm.dll+0x35d397]
V  [jvm.dll+0x19d9f0]
V  [jvm.dll+0x2033be]
V  [jvm.dll+0x202437]
V  [jvm.dll+0x188e01]
V  [jvm.dll+0x21106b]
V  [jvm.dll+0x20f8c1]
V  [jvm.dll+0x70de0f]
V  [jvm.dll+0x706a75]
V  [jvm.dll+0x60ed66]
C  [ucrtbase.dll+0x26c0c]
C  [KERNEL32.DLL+0x155a0]
C  [ntdll.dll+0x485b]


siginfo: EXCEPTION_ACCESS_VIOLATION (0xc0000005), reading address 0x0000011011000500


Register to memory mapping:

RIP=0x00007ff88f5f3ab6 jvm.dll
RAX=0x0000006c757ff2e0 is pointing into the stack for thread: 0x000001707eb5b800
RBX=0x0000006c757fbb50 is pointing into the stack for thread: 0x000001707eb5b800
RCX=0x0000011011000500 is an unknown value
RDX=0x0000017018f4e300 points into unknown readable memory: 0xbf80000000000011 | 11 00 00 00 00 00 80 bf
RSP=0x0000006c757fba70 is pointing into the stack for thread: 0x000001707eb5b800
RBP=0x0000006c757fe5f0 is pointing into the stack for thread: 0x000001707eb5b800
RSI=0x0000000000000088 is an unknown value
RDI=0x0000000000000011 is an unknown value
R8 =0x0000000000000030 is an unknown value
R9 =0x0000000000000008 is an unknown value
R10=0x0000000000000030 is an unknown value
R11=0x0000006c757fbb50 is pointing into the stack for thread: 0x000001707eb5b800
R12=0x0000017077f80150 points into unknown readable memory: 0x000001707eb47d30 | 30 7d b4 7e 70 01 00 00
R13=0x00007ff88fcb8a10 jvm.dll
R14=0x000001701912e600 points into unknown readable memory: 0x0000000000000000 | 00 00 00 00 00 00 00 00
R15=0x0000017018f4e300 points into unknown readable memory: 0xbf80000000000011 | 11 00 00 00 00 00 80 bf


Registers:
RAX=0x0000006c757ff2e0, RBX=0x0000006c757fbb50, RCX=0x0000011011000500, RDX=0x0000017018f4e300
RSP=0x0000006c757fba70, RBP=0x0000006c757fe5f0, RSI=0x0000000000000088, RDI=0x0000000000000011
R8 =0x0000000000000030, R9 =0x0000000000000008, R10=0x0000000000000030, R11=0x0000006c757fbb50
R12=0x0000017077f80150, R13=0x00007ff88fcb8a10, R14=0x000001701912e600, R15=0x0000017018f4e300
RIP=0x00007ff88f5f3ab6, EFLAGS=0x0000000000010206

Top of Stack: (sp=0x0000006c757fba70)
0x0000006c757fba70:   0000017018a3c5b0 0000000000000030
0x0000006c757fba80:   0000006c757fbb50 00007ff88f7c867a
0x0000006c757fba90:   00000170131f7bd0 0000000000000006
0x0000006c757fbaa0:   000000000000000a 0000006c757fbbc0
0x0000006c757fbab0:   0000000000000007 00007ff88f5ed397
0x0000006c757fbac0:   0000000000000000 0000006c757fc100
0x0000006c757fbad0:   0000017015aa64e0 000000000000000a
0x0000006c757fbae0:   0000006c00000322 0000006c757fbb50
0x0000006c757fbaf0:   00000000000f423f 0000000700000009
0x0000006c757fbb00:   0000000d0000000a 0000017000000000
0x0000006c757fbb10:   0000000affffffff 0000000700000000
0x0000006c757fbb20:   0000000e00000000 00007ff800000000
0x0000006c757fbb30:   0000023700000006 0000017000000000
0x0000006c757fbb40:   0000000000000000 0000000000020000
0x0000006c757fbb50:   0000017000000011 0000017018a3c730
0x0000006c757fbb60:   0000017018b9fee0 00007ff800000000 

Instructions: (pc=0x00007ff88f5f3ab6)
0x00007ff88f5f39b6:   00 00 49 8b f0 48 c1 e6 03 48 8b 04 e8 4a 8b 0c
0x00007ff88f5f39c6:   08 48 8b 81 e8 04 00 00 48 8b 88 88 00 00 00 48
0x00007ff88f5f39d6:   8b c6 48 f7 d0 48 8b b9 a8 08 00 00 48 3b 47 18
0x00007ff88f5f39e6:   73 12 4c 8d 05 99 55 4a 00 48 8b d6 48 8b cf e8
0x00007ff88f5f39f6:   b6 d3 d5 ff 48 8b 47 18 48 8d 0c 30 48 3b 4f 20
0x00007ff88f5f3a06:   76 10 45 33 c0 48 8b d6 48 8b cf e8 ba cf d5 ff
0x00007ff88f5f3a16:   eb 04 48 89 4f 18 48 89 43 08 41 b9 08 00 00 00
0x00007ff88f5f3a26:   33 ff 39 bb 90 00 00 00 0f 86 d2 00 00 00 65 48
0x00007ff88f5f3a36:   8b 04 25 58 00 00 00 4c 89 64 24 50 4c 89 6c 24
0x00007ff88f5f3a46:   58 4c 8d 2d c2 4f 6c 00 4c 89 74 24 60 4c 8d 24
0x00007ff88f5f3a56:   e8 66 0f 1f 84 00 00 00 00 00 49 8b 47 08 48 8d
0x00007ff88f5f3a66:   34 fd 00 00 00 00 4c 8b 34 06 4d 3b f5 75 0a 48
0x00007ff88f5f3a76:   8b 43 08 4c 89 2c 06 eb 6a 49 8b 04 24 41 8b c9
0x00007ff88f5f3a86:   48 8b 0c 01 48 8b 81 e8 04 00 00 48 8b a8 88 00
0x00007ff88f5f3a96:   00 00 48 8b 8d b0 08 00 00 48 85 c9 75 12 e8 97
0x00007ff88f5f3aa6:   09 00 00 48 8b 8d b0 08 00 00 41 b9 08 00 00 00
0x00007ff88f5f3ab6:   48 8b 01 48 89 85 b0 08 00 00 33 c0 48 89 01 48
0x00007ff88f5f3ac6:   89 41 08 48 89 41 10 48 89 41 18 41 0f 10 06 0f
0x00007ff88f5f3ad6:   11 01 41 0f 10 4e 10 0f 11 49 10 48 8b 43 08 48
0x00007ff88f5f3ae6:   89 0c 06 ff c7 3b bb 90 00 00 00 0f 82 69 ff ff
0x00007ff88f5f3af6:   ff 4c 8b 74 24 60 4c 8b 6c 24 58 4c 8b 64 24 50
0x00007ff88f5f3b06:   48 8b c3 48 83 c4 20 41 5f 5f 5e 5d 5b c3 cc cc
0x00007ff88f5f3b16:   cc cc cc cc cc cc cc cc cc cc 83 3a 00 4c 8b c2
0x00007ff88f5f3b26:   c7 41 08 08 00 00 00 75 16 33 d2 c7 41 18 01 00
0x00007ff88f5f3b36:   00 00 89 11 48 8b c1 c7 41 28 01 00 00 00 c3 33
0x00007ff88f5f3b46:   d2 48 89 11 89 51 18 41 8b 80 90 00 00 00 89 41
0x00007ff88f5f3b56:   28 48 89 51 10 49 8b 40 08 48 89 41 20 48 8b c1
0x00007ff88f5f3b66:   4c 89 41 30 c3 cc cc cc cc cc 48 83 ec 28 8b 51
0x00007ff88f5f3b76:   08 4c 8b c9 83 fa 08 73 18 4c 8b 41 10 8b c2 41
0x00007ff88f5f3b86:   83 3c 80 00 0f 85 0d 01 00 00 ff c2 83 fa 08 72
0x00007ff88f5f3b96:   ec 44 8b 51 18 48 89 5c 24 30 48 89 6c 24 38 48
0x00007ff88f5f3ba6:   89 74 24 40 48 89 7c 24 20 44 3b 51 28 0f 83 b9 


Stack slot to memory mapping:
stack at sp + 0 slots: 0x0000017018a3c5b0 points into unknown readable memory: 0x00000170190b3ec0 | c0 3e 0b 19 70 01 00 00
stack at sp + 1 slots: 0x0000000000000030 is an unknown value
stack at sp + 2 slots: 0x0000006c757fbb50 is pointing into the stack for thread: 0x000001707eb5b800
stack at sp + 3 slots: 0x00007ff88f7c867a jvm.dll
stack at sp + 4 slots: 0x00000170131f7bd0 points into unknown readable memory: 0x00007ff88fa9ea28 | 28 ea a9 8f f8 7f 00 00
stack at sp + 5 slots: 0x0000000000000006 is an unknown value
stack at sp + 6 slots: 0x000000000000000a is an unknown value
stack at sp + 7 slots: 0x0000006c757fbbc0 is pointing into the stack for thread: 0x000001707eb5b800


---------------  P R O C E S S  ---------------

Threads class SMR info:
_java_thread_list=0x0000017018af5110, length=78, elements={
0x0000017077f2f000, 0x000001707eb35800, 0x000001707eb40800, 0x000001707f4c2800,
0x000001707eb54800, 0x000001707eb55800, 0x000001707eb5b800, 0x000001707eb5d000,
0x000001707eb60800, 0x000001707f608000, 0x00000170152e7800, 0x000001707f6e1800,
0x000001701424c800, 0x0000017013732000, 0x00000170132a0000, 0x0000017013292800,
0x0000017013fdb000, 0x00000170140fe000, 0x000001701328b000, 0x00000170141b1000,
0x0000017013846000, 0x0000017013841800, 0x0000017013845800, 0x0000017013840800,
0x0000017013847000, 0x0000017013842000, 0x0000017013843800, 0x0000017013843000,
0x0000017013844800, 0x0000017013d9c800, 0x0000017013d9c000, 0x0000017013da0000,
0x0000017013da0800, 0x0000017013da1800, 0x0000017013d9d800, 0x0000017013da5000,
0x0000017013da2800, 0x0000017013da3000, 0x0000017013d9f000, 0x0000017013da8000,
0x0000017013da9800, 0x0000017013da4000, 0x0000017013da6800, 0x0000017013da5800,
0x0000017013da7000, 0x0000017013daa800, 0x0000017013da9000, 0x0000017014cbf000,
0x0000017014cc5800, 0x0000017014cc4800, 0x0000017014cc1800, 0x0000017014cc4000,
0x0000017014cbf800, 0x0000017014cc3000, 0x0000017014cc6000, 0x0000017014cc2000,
0x0000017014cc0800, 0x0000017014cc8000, 0x0000017014ccb000, 0x0000017014ccd000,
0x0000017014cca800, 0x0000017014cc8800, 0x0000017014cc9800, 0x0000017014ccc000,
0x0000017014cc7000, 0x0000017014ccd800, 0x0000017016105800, 0x0000017016108000,
0x0000017016106800, 0x0000017016105000, 0x0000017016103000, 0x0000017016107800,
0x0000017016109000, 0x0000017016109800, 0x0000017016104000, 0x0000017016110800,
0x000001701610e800, 0x000001701610a800
}

Java Threads: ( => current thread )
  0x0000017077f2f000 JavaThread "main" [_thread_blocked, id=9492, stack(0x0000006c74b00000,0x0000006c74c00000)]
  0x000001707eb35800 JavaThread "Reference Handler" daemon [_thread_blocked, id=9504, stack(0x0000006c75200000,0x0000006c75300000)]
  0x000001707eb40800 JavaThread "Finalizer" daemon [_thread_blocked, id=9524, stack(0x0000006c75300000,0x0000006c75400000)]
  0x000001707f4c2800 JavaThread "Signal Dispatcher" daemon [_thread_blocked, id=9508, stack(0x0000006c75400000,0x0000006c75500000)]
  0x000001707eb54800 JavaThread "Attach Listener" daemon [_thread_blocked, id=17932, stack(0x0000006c75500000,0x0000006c75600000)]
  0x000001707eb55800 JavaThread "Service Thread" daemon [_thread_blocked, id=8680, stack(0x0000006c75600000,0x0000006c75700000)]
=>0x000001707eb5b800 JavaThread "C2 CompilerThread0" daemon [_thread_in_native, id=11704, stack(0x0000006c75700000,0x0000006c75800000)]
  0x000001707eb5d000 JavaThread "C1 CompilerThread0" daemon [_thread_blocked, id=9564, stack(0x0000006c75800000,0x0000006c75900000)]
  0x000001707eb60800 JavaThread "Sweeper thread" daemon [_thread_blocked, id=10052, stack(0x0000006c75900000,0x0000006c75a00000)]
  0x000001707f608000 JavaThread "Common-Cleaner" daemon [_thread_blocked, id=11388, stack(0x0000006c75a00000,0x0000006c75b00000)]
  0x00000170152e7800 JavaThread "Daemon health stats" [_thread_blocked, id=15840, stack(0x0000006c75e00000,0x0000006c75f00000)]
  0x000001707f6e1800 JavaThread "Incoming local TCP Connector on port 51980" [_thread_in_native, id=13988, stack(0x0000006c75f00000,0x0000006c76000000)]
  0x000001701424c800 JavaThread "Daemon periodic checks" [_thread_blocked, id=11116, stack(0x0000006c76000000,0x0000006c76100000)]
  0x0000017013732000 JavaThread "Daemon" [_thread_blocked, id=19080, stack(0x0000006c76100000,0x0000006c76200000)]
  0x00000170132a0000 JavaThread "Handler for socket connection from /127.0.0.1:51980 to /127.0.0.1:51981" [_thread_in_native, id=5740, stack(0x0000006c76200000,0x0000006c76300000)]
  0x0000017013292800 JavaThread "Cancel handler" [_thread_blocked, id=20756, stack(0x0000006c76300000,0x0000006c76400000)]
  0x0000017013fdb000 JavaThread "Daemon worker" [_thread_in_vm, id=884, stack(0x0000006c76400000,0x0000006c76500000)]
  0x00000170140fe000 JavaThread "Asynchronous log dispatcher for DefaultDaemonConnection: socket connection from /127.0.0.1:51980 to /127.0.0.1:51981" [_thread_blocked, id=1512, stack(0x0000006c76500000,0x0000006c76600000)]
  0x000001701328b000 JavaThread "Stdin handler" [_thread_blocked, id=8644, stack(0x0000006c76600000,0x0000006c76700000)]
  0x00000170141b1000 JavaThread "Daemon client event forwarder" [_thread_blocked, id=25300, stack(0x0000006c76700000,0x0000006c76800000)]
  0x0000017013846000 JavaThread "Cache worker for journal cache (C:\Users\rb\.gradle\caches\journal-1)" [_thread_blocked, id=19320, stack(0x0000006c76900000,0x0000006c76a00000)]
  0x0000017013841800 JavaThread "File lock request listener" [_thread_in_native, id=18380, stack(0x0000006c76a00000,0x0000006c76b00000)]
  0x0000017013845800 JavaThread "Cache worker for file hash cache (C:\Users\rb\.gradle\caches\7.4\fileHashes)" [_thread_blocked, id=20372, stack(0x0000006c76b00000,0x0000006c76c00000)]
  0x0000017013840800 JavaThread "File watcher server" daemon [_thread_in_native, id=18044, stack(0x0000006c76c00000,0x0000006c76d00000)]
  0x0000017013847000 JavaThread "File watcher consumer" daemon [_thread_blocked, id=19676, stack(0x0000006c76d00000,0x0000006c76e00000)]
  0x0000017013842000 JavaThread "Cache worker for checksums cache (D:\Greetr\.gradle\7.4\checksums)" [_thread_blocked, id=388, stack(0x0000006c76e00000,0x0000006c76f00000)]
  0x0000017013843800 JavaThread "Cache worker for cache directory md-rule (C:\Users\rb\.gradle\caches\7.4\md-rule)" [_thread_blocked, id=13888, stack(0x0000006c76f00000,0x0000006c77000000)]
  0x0000017013843000 JavaThread "Cache worker for file hash cache (D:\Greetr\.gradle\7.4\fileHashes)" [_thread_blocked, id=23380, stack(0x0000006c77000000,0x0000006c77100000)]
  0x0000017013844800 JavaThread "Cache worker for cache directory md-supplier (C:\Users\rb\.gradle\caches\7.4\md-supplier)" [_thread_blocked, id=16920, stack(0x0000006c77100000,0x0000006c77200000)]
  0x0000017013d9c800 JavaThread "Cache worker for execution history cache (C:\Users\rb\.gradle\caches\7.4\executionHistory)" [_thread_blocked, id=23708, stack(0x0000006c77200000,0x0000006c77300000)]
  0x0000017013d9c000 JavaThread "jar transforms" [_thread_blocked, id=17136, stack(0x0000006c77300000,0x0000006c77400000)]
  0x0000017013da0000 JavaThread "Cache worker for file content cache (C:\Users\rb\.gradle\caches\7.4\fileContent)" [_thread_blocked, id=14292, stack(0x0000006c77400000,0x0000006c77500000)]
  0x0000017013da0800 JavaThread "jar transforms Thread 2" [_thread_blocked, id=16436, stack(0x0000006c77500000,0x0000006c77600000)]
  0x0000017013da1800 JavaThread "Cache worker for dependencies-accessors (D:\Greetr\.gradle\7.4\dependencies-accessors)" [_thread_blocked, id=6572, stack(0x0000006c77600000,0x0000006c77700000)]
  0x0000017013d9d800 JavaThread "jar transforms Thread 3" [_thread_blocked, id=2752, stack(0x0000006c77700000,0x0000006c77800000)]
  0x0000017013da5000 JavaThread "Cache worker for Build Output Cleanup Cache (D:\Greetr\.gradle\buildOutputCleanup)" [_thread_blocked, id=24656, stack(0x0000006c77800000,0x0000006c77900000)]
  0x0000017013da2800 JavaThread "Unconstrained build operations" [_thread_blocked, id=27140, stack(0x0000006c77900000,0x0000006c77a00000)]
  0x0000017013da3000 JavaThread "Unconstrained build operations Thread 2" [_thread_blocked, id=12064, stack(0x0000006c77a00000,0x0000006c77b00000)]
  0x0000017013d9f000 JavaThread "Unconstrained build operations Thread 3" [_thread_blocked, id=18984, stack(0x0000006c77b00000,0x0000006c77c00000)]
  0x0000017013da8000 JavaThread "Unconstrained build operations Thread 4" [_thread_blocked, id=8664, stack(0x0000006c77c00000,0x0000006c77d00000)]
  0x0000017013da9800 JavaThread "Unconstrained build operations Thread 5" [_thread_blocked, id=8736, stack(0x0000006c77d00000,0x0000006c77e00000)]
  0x0000017013da4000 JavaThread "Unconstrained build operations Thread 6" [_thread_blocked, id=8744, stack(0x0000006c77e00000,0x0000006c77f00000)]
  0x0000017013da6800 JavaThread "Unconstrained build operations Thread 7" [_thread_blocked, id=8712, stack(0x0000006c77f00000,0x0000006c78000000)]
  0x0000017013da5800 JavaThread "Unconstrained build operations Thread 8" [_thread_blocked, id=8728, stack(0x0000006c78000000,0x0000006c78100000)]
  0x0000017013da7000 JavaThread "Unconstrained build operations Thread 9" [_thread_blocked, id=8112, stack(0x0000006c78100000,0x0000006c78200000)]
  0x0000017013daa800 JavaThread "Unconstrained build operations Thread 10" [_thread_blocked, id=18668, stack(0x0000006c78200000,0x0000006c78300000)]
  0x0000017013da9000 JavaThread "Unconstrained build operations Thread 11" [_thread_blocked, id=7880, stack(0x0000006c78300000,0x0000006c78400000)]
  0x0000017014cbf000 JavaThread "Unconstrained build operations Thread 12" [_thread_blocked, id=3244, stack(0x0000006c78400000,0x0000006c78500000)]
  0x0000017014cc5800 JavaThread "Unconstrained build operations Thread 13" [_thread_blocked, id=8704, stack(0x0000006c78500000,0x0000006c78600000)]
  0x0000017014cc4800 JavaThread "Unconstrained build operations Thread 14" [_thread_blocked, id=8688, stack(0x0000006c78600000,0x0000006c78700000)]
  0x0000017014cc1800 JavaThread "Unconstrained build operations Thread 15" [_thread_blocked, id=6196, stack(0x0000006c78700000,0x0000006c78800000)]
  0x0000017014cc4000 JavaThread "Unconstrained build operations Thread 16" [_thread_blocked, id=1260, stack(0x0000006c78800000,0x0000006c78900000)]
  0x0000017014cbf800 JavaThread "Unconstrained build operations Thread 17" [_thread_blocked, id=7140, stack(0x0000006c78900000,0x0000006c78a00000)]
  0x0000017014cc3000 JavaThread "Unconstrained build operations Thread 18" [_thread_blocked, id=3444, stack(0x0000006c78a00000,0x0000006c78b00000)]
  0x0000017014cc6000 JavaThread "Unconstrained build operations Thread 19" [_thread_blocked, id=3596, stack(0x0000006c78b00000,0x0000006c78c00000)]
  0x0000017014cc2000 JavaThread "Unconstrained build operations Thread 20" [_thread_blocked, id=4248, stack(0x0000006c78c00000,0x0000006c78d00000)]
  0x0000017014cc0800 JavaThread "Unconstrained build operations Thread 21" [_thread_blocked, id=4780, stack(0x0000006c78d00000,0x0000006c78e00000)]
  0x0000017014cc8000 JavaThread "Unconstrained build operations Thread 22" [_thread_blocked, id=17000, stack(0x0000006c78e00000,0x0000006c78f00000)]
  0x0000017014ccb000 JavaThread "Unconstrained build operations Thread 23" [_thread_blocked, id=19728, stack(0x0000006c78f00000,0x0000006c79000000)]
  0x0000017014ccd000 JavaThread "Unconstrained build operations Thread 24" [_thread_blocked, id=14296, stack(0x0000006c79000000,0x0000006c79100000)]
  0x0000017014cca800 JavaThread "Unconstrained build operations Thread 25" [_thread_blocked, id=26160, stack(0x0000006c79100000,0x0000006c79200000)]
  0x0000017014cc8800 JavaThread "Unconstrained build operations Thread 26" [_thread_blocked, id=18528, stack(0x0000006c79200000,0x0000006c79300000)]
  0x0000017014cc9800 JavaThread "Unconstrained build operations Thread 27" [_thread_blocked, id=18724, stack(0x0000006c79300000,0x0000006c79400000)]
  0x0000017014ccc000 JavaThread "Unconstrained build operations Thread 28" [_thread_blocked, id=24648, stack(0x0000006c79400000,0x0000006c79500000)]
  0x0000017014cc7000 JavaThread "Unconstrained build operations Thread 29" [_thread_blocked, id=21904, stack(0x0000006c79500000,0x0000006c79600000)]
  0x0000017014ccd800 JavaThread "Unconstrained build operations Thread 30" [_thread_blocked, id=9332, stack(0x0000006c79600000,0x0000006c79700000)]
  0x0000017016105800 JavaThread "Unconstrained build operations Thread 31" [_thread_blocked, id=19024, stack(0x0000006c79700000,0x0000006c79800000)]
  0x0000017016108000 JavaThread "Unconstrained build operations Thread 32" [_thread_blocked, id=9356, stack(0x0000006c79800000,0x0000006c79900000)]
  0x0000017016106800 JavaThread "Unconstrained build operations Thread 33" [_thread_blocked, id=7352, stack(0x0000006c79900000,0x0000006c79a00000)]
  0x0000017016105000 JavaThread "Unconstrained build operations Thread 34" [_thread_blocked, id=9752, stack(0x0000006c79a00000,0x0000006c79b00000)]
  0x0000017016103000 JavaThread "Unconstrained build operations Thread 35" [_thread_blocked, id=9428, stack(0x0000006c79b00000,0x0000006c79c00000)]
  0x0000017016107800 JavaThread "Unconstrained build operations Thread 36" [_thread_blocked, id=9460, stack(0x0000006c79c00000,0x0000006c79d00000)]
  0x0000017016109000 JavaThread "Unconstrained build operations Thread 37" [_thread_blocked, id=18496, stack(0x0000006c79d00000,0x0000006c79e00000)]
  0x0000017016109800 JavaThread "Unconstrained build operations Thread 38" [_thread_blocked, id=9680, stack(0x0000006c79e00000,0x0000006c79f00000)]
  0x0000017016104000 JavaThread "Unconstrained build operations Thread 39" [_thread_blocked, id=9728, stack(0x0000006c79f00000,0x0000006c7a000000)]
  0x0000017016110800 JavaThread "Unconstrained build operations Thread 40" [_thread_blocked, id=24736, stack(0x0000006c7a000000,0x0000006c7a100000)]
  0x000001701610e800 JavaThread "jar transforms Thread 4" [_thread_blocked, id=9888, stack(0x0000006c7a100000,0x0000006c7a200000)]
  0x000001701610a800 JavaThread "Memory manager" [_thread_blocked, id=11108, stack(0x0000006c7a200000,0x0000006c7a300000)]

Other Threads:
  0x000001707eb32800 VMThread "VM Thread" [stack: 0x0000006c75100000,0x0000006c75200000] [id=9520]
  0x000001707f640000 WatcherThread [stack: 0x0000006c75b00000,0x0000006c75c00000] [id=8824]
  0x0000017077f47800 GCTaskThread "GC Thread#0" [stack: 0x0000006c74c00000,0x0000006c74d00000] [id=9360]
  0x0000017013097000 GCTaskThread "GC Thread#1" [stack: 0x0000006c75c00000,0x0000006c75d00000] [id=240]
  0x00000170136dc000 GCTaskThread "GC Thread#2" [stack: 0x0000006c75d00000,0x0000006c75e00000] [id=9392]
  0x00000170140ff000 GCTaskThread "GC Thread#3" [stack: 0x0000006c76800000,0x0000006c76900000] [id=25248]
  0x0000017077f77000 ConcurrentGCThread "G1 Main Marker" [stack: 0x0000006c74d00000,0x0000006c74e00000] [id=9476]
  0x0000017077f79800 ConcurrentGCThread "G1 Conc#0" [stack: 0x0000006c74e00000,0x0000006c74f00000] [id=9480]
  0x000001707800a000 ConcurrentGCThread "G1 Refine#0" [stack: 0x0000006c74f00000,0x0000006c75000000] [id=9488]
  0x000001707800d000 ConcurrentGCThread "G1 Young RemSet Sampling" [stack: 0x0000006c75000000,0x0000006c75100000] [id=9500]

Threads with active compile tasks:
C2 CompilerThread0  25642 6082   !   4       com.google.common.reflect.TypeVisitor::visit (244 bytes)
C1 CompilerThread0  25642 6248       2       java.math.BigInteger::implMulAdd (81 bytes)

VM state:not at safepoint (normal execution)

VM Mutex/Monitor currently owned by a thread: None

Heap address: 0x0000000080000000, size: 2048 MB, Compressed Oops mode: 32-bit
Narrow klass base: 0x0000000000000000, Narrow klass shift: 3
Compressed class space size: 1073741824 Address: 0x0000000100000000

Heap:
 garbage-first heap   total 189440K, used 74979K [0x0000000080000000, 0x0000000100000000)
  region size 1024K, 35 young (35840K), 13 survivors (13312K)
 Metaspace       used 62487K, capacity 64174K, committed 64512K, reserved 1105920K
  class space    used 7799K, capacity 8358K, committed 8448K, reserved 1048576K
Heap Regions: E=young(eden), S=young(survivor), O=old, HS=humongous(starts), HC=humongous(continues), CS=collection set, F=free, A=archive, TAMS=top-at-mark-start (previous, next)
|   0|0x0000000080000000, 0x0000000080100000, 0x0000000080100000|100%|HS|  |TAMS 0x0000000080100000, 0x0000000080000000| Complete 
|   1|0x0000000080100000, 0x0000000080200000, 0x0000000080200000|100%|HC|  |TAMS 0x0000000080200000, 0x0000000080100000| Complete 
|   2|0x0000000080200000, 0x0000000080300000, 0x0000000080300000|100%|HC|  |TAMS 0x0000000080300000, 0x0000000080200000| Complete 
|   3|0x0000000080300000, 0x0000000080400000, 0x0000000080400000|100%| O|  |TAMS 0x0000000080400000, 0x0000000080300000| Untracked 
|   4|0x0000000080400000, 0x0000000080500000, 0x0000000080500000|100%| O|  |TAMS 0x0000000080500000, 0x0000000080400000| Untracked 
|   5|0x0000000080500000, 0x0000000080600000, 0x0000000080600000|100%| O|  |TAMS 0x0000000080600000, 0x0000000080500000| Untracked 
|   6|0x0000000080600000, 0x0000000080700000, 0x0000000080700000|100%| O|  |TAMS 0x0000000080700000, 0x0000000080600000| Untracked 
|   7|0x0000000080700000, 0x0000000080800000, 0x0000000080800000|100%| O|  |TAMS 0x0000000080800000, 0x0000000080700000| Untracked 
|   8|0x0000000080800000, 0x0000000080900000, 0x0000000080900000|100%| O|  |TAMS 0x0000000080900000, 0x0000000080800000| Untracked 
|   9|0x0000000080900000, 0x0000000080a00000, 0x0000000080a00000|100%| O|  |TAMS 0x0000000080a00000, 0x0000000080900000| Untracked 
|  10|0x0000000080a00000, 0x0000000080b00000, 0x0000000080b00000|100%| O|  |TAMS 0x0000000080b00000, 0x0000000080a00000| Untracked 
|  11|0x0000000080b00000, 0x0000000080c00000, 0x0000000080c00000|100%| O|  |TAMS 0x0000000080c00000, 0x0000000080b00000| Untracked 
|  12|0x0000000080c00000, 0x0000000080d00000, 0x0000000080d00000|100%| O|  |TAMS 0x0000000080d00000, 0x0000000080c00000| Untracked 
|  13|0x0000000080d00000, 0x0000000080e00000, 0x0000000080e00000|100%| O|  |TAMS 0x0000000080e00000, 0x0000000080d00000| Untracked 
|  14|0x0000000080e00000, 0x0000000080f00000, 0x0000000080f00000|100%| O|  |TAMS 0x0000000080f00000, 0x0000000080e00000| Untracked 
|  15|0x0000000080f00000, 0x0000000081000000, 0x0000000081000000|100%| O|  |TAMS 0x0000000081000000, 0x0000000080f00000| Untracked 
|  16|0x0000000081000000, 0x0000000081100000, 0x0000000081100000|100%| O|  |TAMS 0x0000000081000000, 0x0000000081000000| Untracked 
|  17|0x0000000081100000, 0x0000000081200000, 0x0000000081200000|100%| O|  |TAMS 0x0000000081200000, 0x0000000081100000| Untracked 
|  18|0x0000000081200000, 0x0000000081300000, 0x0000000081300000|100%| O|  |TAMS 0x0000000081300000, 0x0000000081200000| Untracked 
|  19|0x0000000081300000, 0x0000000081400000, 0x0000000081400000|100%| O|  |TAMS 0x0000000081400000, 0x0000000081300000| Untracked 
|  20|0x0000000081400000, 0x0000000081500000, 0x0000000081500000|100%| O|  |TAMS 0x0000000081500000, 0x0000000081400000| Untracked 
|  21|0x0000000081500000, 0x0000000081600000, 0x0000000081600000|100%| O|  |TAMS 0x0000000081600000, 0x0000000081500000| Untracked 
|  22|0x0000000081600000, 0x0000000081700000, 0x0000000081700000|100%| O|  |TAMS 0x0000000081700000, 0x0000000081600000| Untracked 
|  23|0x0000000081700000, 0x0000000081800000, 0x0000000081800000|100%| O|  |TAMS 0x0000000081800000, 0x0000000081700000| Untracked 
|  24|0x0000000081800000, 0x0000000081900000, 0x0000000081900000|100%| O|  |TAMS 0x0000000081800000, 0x0000000081800000| Untracked 
|  25|0x0000000081900000, 0x0000000081a00000, 0x0000000081a00000|100%| O|  |TAMS 0x0000000081900000, 0x0000000081900000| Untracked 
|  26|0x0000000081a00000, 0x0000000081b00000, 0x0000000081b00000|100%| O|  |TAMS 0x0000000081a00000, 0x0000000081a00000| Untracked 
|  27|0x0000000081b00000, 0x0000000081c00000, 0x0000000081c00000|100%| O|  |TAMS 0x0000000081b00000, 0x0000000081b00000| Untracked 
|  28|0x0000000081c00000, 0x0000000081d00000, 0x0000000081d00000|100%| O|  |TAMS 0x0000000081c00000, 0x0000000081c00000| Untracked 
|  29|0x0000000081d00000, 0x0000000081e00000, 0x0000000081e00000|100%|HS|  |TAMS 0x0000000081d00000, 0x0000000081d00000| Complete 
|  30|0x0000000081e00000, 0x0000000081f00000, 0x0000000081f00000|100%|HS|  |TAMS 0x0000000081e00000, 0x0000000081e00000| Complete 
|  31|0x0000000081f00000, 0x0000000082000000, 0x0000000082000000|100%|HS|  |TAMS 0x0000000081f00000, 0x0000000081f00000| Complete 
|  32|0x0000000082000000, 0x0000000082100000, 0x0000000082100000|100%|HS|  |TAMS 0x0000000082000000, 0x0000000082000000| Complete 
|  33|0x0000000082100000, 0x0000000082200000, 0x0000000082200000|100%|HC|  |TAMS 0x0000000082100000, 0x0000000082100000| Complete 
|  34|0x0000000082200000, 0x0000000082300000, 0x0000000082300000|100%|HC|  |TAMS 0x0000000082200000, 0x0000000082200000| Complete 
|  35|0x0000000082300000, 0x0000000082300000, 0x0000000082400000|  0%| F|  |TAMS 0x0000000082300000, 0x0000000082300000| Untracked 
|  36|0x0000000082400000, 0x0000000082500000, 0x0000000082500000|100%|HS|  |TAMS 0x0000000082400000, 0x0000000082400000| Complete 
|  37|0x0000000082500000, 0x0000000082600000, 0x0000000082600000|100%|HC|  |TAMS 0x0000000082500000, 0x0000000082500000| Complete 
|  38|0x0000000082600000, 0x0000000082700000, 0x0000000082700000|100%| O|  |TAMS 0x0000000082600000, 0x0000000082600000| Untracked 
|  39|0x0000000082700000, 0x0000000082800000, 0x0000000082800000|100%| O|  |TAMS 0x0000000082700000, 0x0000000082700000| Untracked 
|  40|0x0000000082800000, 0x0000000082838c00, 0x0000000082900000| 22%| O|  |TAMS 0x0000000082800000, 0x0000000082800000| Untracked 
|  41|0x0000000082900000, 0x0000000082900000, 0x0000000082a00000|  0%| F|  |TAMS 0x0000000082900000, 0x0000000082900000| Untracked 
|  42|0x0000000082a00000, 0x0000000082a00000, 0x0000000082b00000|  0%| F|  |TAMS 0x0000000082a00000, 0x0000000082a00000| Untracked 
|  43|0x0000000082b00000, 0x0000000082b00000, 0x0000000082c00000|  0%| F|  |TAMS 0x0000000082b00000, 0x0000000082b00000| Untracked 
|  44|0x0000000082c00000, 0x0000000082c00000, 0x0000000082d00000|  0%| F|  |TAMS 0x0000000082c00000, 0x0000000082c00000| Untracked 
|  45|0x0000000082d00000, 0x0000000082d00000, 0x0000000082e00000|  0%| F|  |TAMS 0x0000000082d00000, 0x0000000082d00000| Untracked 
|  46|0x0000000082e00000, 0x0000000082e00000, 0x0000000082f00000|  0%| F|  |TAMS 0x0000000082e00000, 0x0000000082e00000| Untracked 
|  47|0x0000000082f00000, 0x0000000082f00000, 0x0000000083000000|  0%| F|  |TAMS 0x0000000082f00000, 0x0000000082f00000| Untracked 
|  48|0x0000000083000000, 0x0000000083000000, 0x0000000083100000|  0%| F|  |TAMS 0x0000000083000000, 0x0000000083000000| Untracked 
|  49|0x0000000083100000, 0x0000000083100000, 0x0000000083200000|  0%| F|  |TAMS 0x0000000083100000, 0x0000000083100000| Untracked 
|  50|0x0000000083200000, 0x0000000083200000, 0x0000000083300000|  0%| F|  |TAMS 0x0000000083200000, 0x0000000083200000| Untracked 
|  51|0x0000000083300000, 0x0000000083300000, 0x0000000083400000|  0%| F|  |TAMS 0x0000000083300000, 0x0000000083300000| Untracked 
|  52|0x0000000083400000, 0x0000000083400000, 0x0000000083500000|  0%| F|  |TAMS 0x0000000083400000, 0x0000000083400000| Untracked 
|  53|0x0000000083500000, 0x0000000083500000, 0x0000000083600000|  0%| F|  |TAMS 0x0000000083500000, 0x0000000083500000| Untracked 
|  54|0x0000000083600000, 0x0000000083600000, 0x0000000083700000|  0%| F|  |TAMS 0x0000000083600000, 0x0000000083600000| Untracked 
|  55|0x0000000083700000, 0x0000000083700000, 0x0000000083800000|  0%| F|  |TAMS 0x0000000083700000, 0x0000000083700000| Untracked 
|  56|0x0000000083800000, 0x0000000083800000, 0x0000000083900000|  0%| F|  |TAMS 0x0000000083800000, 0x0000000083800000| Untracked 
|  57|0x0000000083900000, 0x0000000083900000, 0x0000000083a00000|  0%| F|  |TAMS 0x0000000083900000, 0x0000000083900000| Untracked 
|  58|0x0000000083a00000, 0x0000000083a00000, 0x0000000083b00000|  0%| F|  |TAMS 0x0000000083a00000, 0x0000000083a00000| Untracked 
|  59|0x0000000083b00000, 0x0000000083b00000, 0x0000000083c00000|  0%| F|  |TAMS 0x0000000083b00000, 0x0000000083b00000| Untracked 
|  60|0x0000000083c00000, 0x0000000083c00000, 0x0000000083d00000|  0%| F|  |TAMS 0x0000000083c00000, 0x0000000083c00000| Untracked 
|  61|0x0000000083d00000, 0x0000000083d00000, 0x0000000083e00000|  0%| F|  |TAMS 0x0000000083d00000, 0x0000000083d00000| Untracked 
|  62|0x0000000083e00000, 0x0000000083e00000, 0x0000000083f00000|  0%| F|  |TAMS 0x0000000083e00000, 0x0000000083e00000| Untracked 
|  63|0x0000000083f00000, 0x0000000083f00000, 0x0000000084000000|  0%| F|  |TAMS 0x0000000083f00000, 0x0000000083f00000| Untracked 
|  64|0x0000000084000000, 0x0000000084000000, 0x0000000084100000|  0%| F|  |TAMS 0x0000000084000000, 0x0000000084000000| Untracked 
|  65|0x0000000084100000, 0x0000000084100000, 0x0000000084200000|  0%| F|  |TAMS 0x0000000084100000, 0x0000000084100000| Untracked 
|  66|0x0000000084200000, 0x0000000084200000, 0x0000000084300000|  0%| F|  |TAMS 0x0000000084200000, 0x0000000084200000| Untracked 
|  67|0x0000000084300000, 0x0000000084300000, 0x0000000084400000|  0%| F|  |TAMS 0x0000000084300000, 0x0000000084300000| Untracked 
|  68|0x0000000084400000, 0x0000000084400000, 0x0000000084500000|  0%| F|  |TAMS 0x0000000084400000, 0x0000000084400000| Untracked 
|  69|0x0000000084500000, 0x0000000084500000, 0x0000000084600000|  0%| F|  |TAMS 0x0000000084500000, 0x0000000084500000| Untracked 
|  70|0x0000000084600000, 0x0000000084600000, 0x0000000084700000|  0%| F|  |TAMS 0x0000000084600000, 0x0000000084600000| Untracked 
|  71|0x0000000084700000, 0x0000000084700000, 0x0000000084800000|  0%| F|  |TAMS 0x0000000084700000, 0x0000000084700000| Untracked 
|  72|0x0000000084800000, 0x0000000084800000, 0x0000000084900000|  0%| F|  |TAMS 0x0000000084800000, 0x0000000084800000| Untracked 
|  73|0x0000000084900000, 0x0000000084900000, 0x0000000084a00000|  0%| F|  |TAMS 0x0000000084900000, 0x0000000084900000| Untracked 
|  74|0x0000000084a00000, 0x0000000084a00000, 0x0000000084b00000|  0%| F|  |TAMS 0x0000000084a00000, 0x0000000084a00000| Untracked 
|  75|0x0000000084b00000, 0x0000000084b00000, 0x0000000084c00000|  0%| F|  |TAMS 0x0000000084b00000, 0x0000000084b00000| Untracked 
|  76|0x0000000084c00000, 0x0000000084c00000, 0x0000000084d00000|  0%| F|  |TAMS 0x0000000084c00000, 0x0000000084c00000| Untracked 
|  77|0x0000000084d00000, 0x0000000084d00000, 0x0000000084e00000|  0%| F|  |TAMS 0x0000000084d00000, 0x0000000084d00000| Untracked 
|  78|0x0000000084e00000, 0x0000000084e00000, 0x0000000084f00000|  0%| F|  |TAMS 0x0000000084e00000, 0x0000000084e00000| Untracked 
|  79|0x0000000084f00000, 0x0000000084f00000, 0x0000000085000000|  0%| F|  |TAMS 0x0000000084f00000, 0x0000000084f00000| Untracked 
|  80|0x0000000085000000, 0x0000000085000000, 0x0000000085100000|  0%| F|  |TAMS 0x0000000085000000, 0x0000000085000000| Untracked 
|  81|0x0000000085100000, 0x0000000085100000, 0x0000000085200000|  0%| F|  |TAMS 0x0000000085100000, 0x0000000085100000| Untracked 
|  82|0x0000000085200000, 0x0000000085300000, 0x0000000085300000|100%| S|CS|TAMS 0x0000000085200000, 0x0000000085200000| Complete 
|  83|0x0000000085300000, 0x0000000085400000, 0x0000000085400000|100%| S|CS|TAMS 0x0000000085300000, 0x0000000085300000| Complete 
|  84|0x0000000085400000, 0x0000000085500000, 0x0000000085500000|100%| S|CS|TAMS 0x0000000085400000, 0x0000000085400000| Complete 
|  85|0x0000000085500000, 0x0000000085600000, 0x0000000085600000|100%| S|CS|TAMS 0x0000000085500000, 0x0000000085500000| Complete 
|  86|0x0000000085600000, 0x0000000085700000, 0x0000000085700000|100%| S|CS|TAMS 0x0000000085600000, 0x0000000085600000| Complete 
|  87|0x0000000085700000, 0x0000000085800000, 0x0000000085800000|100%| S|CS|TAMS 0x0000000085700000, 0x0000000085700000| Complete 
|  88|0x0000000085800000, 0x0000000085900000, 0x0000000085900000|100%| S|CS|TAMS 0x0000000085800000, 0x0000000085800000| Complete 
|  89|0x0000000085900000, 0x0000000085a00000, 0x0000000085a00000|100%| S|CS|TAMS 0x0000000085900000, 0x0000000085900000| Complete 
|  90|0x0000000085a00000, 0x0000000085b00000, 0x0000000085b00000|100%| S|CS|TAMS 0x0000000085a00000, 0x0000000085a00000| Complete 
|  91|0x0000000085b00000, 0x0000000085c00000, 0x0000000085c00000|100%| S|CS|TAMS 0x0000000085b00000, 0x0000000085b00000| Complete 
|  92|0x0000000085c00000, 0x0000000085d00000, 0x0000000085d00000|100%| S|CS|TAMS 0x0000000085c00000, 0x0000000085c00000| Complete 
|  93|0x0000000085d00000, 0x0000000085e00000, 0x0000000085e00000|100%| S|CS|TAMS 0x0000000085d00000, 0x0000000085d00000| Complete 
|  94|0x0000000085e00000, 0x0000000085f00000, 0x0000000085f00000|100%| S|CS|TAMS 0x0000000085e00000, 0x0000000085e00000| Complete 
|  95|0x0000000085f00000, 0x0000000085f00000, 0x0000000086000000|  0%| F|  |TAMS 0x0000000085f00000, 0x0000000085f00000| Untracked 
|  96|0x0000000086000000, 0x0000000086000000, 0x0000000086100000|  0%| F|  |TAMS 0x0000000086000000, 0x0000000086000000| Untracked 
|  97|0x0000000086100000, 0x0000000086100000, 0x0000000086200000|  0%| F|  |TAMS 0x0000000086100000, 0x0000000086100000| Untracked 
|  98|0x0000000086200000, 0x0000000086200000, 0x0000000086300000|  0%| F|  |TAMS 0x0000000086200000, 0x0000000086200000| Untracked 
|  99|0x0000000086300000, 0x0000000086300000, 0x0000000086400000|  0%| F|  |TAMS 0x0000000086300000, 0x0000000086300000| Untracked 
| 100|0x0000000086400000, 0x0000000086400000, 0x0000000086500000|  0%| F|  |TAMS 0x0000000086400000, 0x0000000086400000| Untracked 
| 101|0x0000000086500000, 0x0000000086500000, 0x0000000086600000|  0%| F|  |TAMS 0x0000000086500000, 0x0000000086500000| Untracked 
| 102|0x0000000086600000, 0x0000000086600000, 0x0000000086700000|  0%| F|  |TAMS 0x0000000086600000, 0x0000000086600000| Untracked 
| 103|0x0000000086700000, 0x0000000086700000, 0x0000000086800000|  0%| F|  |TAMS 0x0000000086700000, 0x0000000086700000| Untracked 
| 104|0x0000000086800000, 0x0000000086800000, 0x0000000086900000|  0%| F|  |TAMS 0x0000000086800000, 0x0000000086800000| Untracked 
| 105|0x0000000086900000, 0x0000000086900000, 0x0000000086a00000|  0%| F|  |TAMS 0x0000000086900000, 0x0000000086900000| Untracked 
| 106|0x0000000086a00000, 0x0000000086a00000, 0x0000000086b00000|  0%| F|  |TAMS 0x0000000086a00000, 0x0000000086a00000| Untracked 
| 107|0x0000000086b00000, 0x0000000086b00000, 0x0000000086c00000|  0%| F|  |TAMS 0x0000000086b00000, 0x0000000086b00000| Untracked 
| 108|0x0000000086c00000, 0x0000000086c00000, 0x0000000086d00000|  0%| F|  |TAMS 0x0000000086c00000, 0x0000000086c00000| Untracked 
| 109|0x0000000086d00000, 0x0000000086d00000, 0x0000000086e00000|  0%| F|  |TAMS 0x0000000086d00000, 0x0000000086d00000| Untracked 
| 110|0x0000000086e00000, 0x0000000086e00000, 0x0000000086f00000|  0%| F|  |TAMS 0x0000000086e00000, 0x0000000086e00000| Untracked 
| 111|0x0000000086f00000, 0x0000000086f00000, 0x0000000087000000|  0%| F|  |TAMS 0x0000000086f00000, 0x0000000086f00000| Untracked 
| 112|0x0000000087000000, 0x0000000087000000, 0x0000000087100000|  0%| F|  |TAMS 0x0000000087000000, 0x0000000087000000| Untracked 
| 113|0x0000000087100000, 0x0000000087100000, 0x0000000087200000|  0%| F|  |TAMS 0x0000000087100000, 0x0000000087100000| Untracked 
| 114|0x0000000087200000, 0x0000000087200000, 0x0000000087300000|  0%| F|  |TAMS 0x0000000087200000, 0x0000000087200000| Untracked 
| 115|0x0000000087300000, 0x0000000087300000, 0x0000000087400000|  0%| F|  |TAMS 0x0000000087300000, 0x0000000087300000| Untracked 
| 116|0x0000000087400000, 0x0000000087400000, 0x0000000087500000|  0%| F|  |TAMS 0x0000000087400000, 0x0000000087400000| Untracked 
| 117|0x0000000087500000, 0x0000000087500000, 0x0000000087600000|  0%| F|  |TAMS 0x0000000087500000, 0x0000000087500000| Untracked 
| 118|0x0000000087600000, 0x0000000087600000, 0x0000000087700000|  0%| F|  |TAMS 0x0000000087600000, 0x0000000087600000| Untracked 
| 119|0x0000000087700000, 0x0000000087700000, 0x0000000087800000|  0%| F|  |TAMS 0x0000000087700000, 0x0000000087700000| Untracked 
| 120|0x0000000087800000, 0x0000000087800000, 0x0000000087900000|  0%| F|  |TAMS 0x0000000087800000, 0x0000000087800000| Untracked 
| 121|0x0000000087900000, 0x0000000087900000, 0x0000000087a00000|  0%| F|  |TAMS 0x0000000087900000, 0x0000000087900000| Untracked 
| 122|0x0000000087a00000, 0x0000000087a00000, 0x0000000087b00000|  0%| F|  |TAMS 0x0000000087a00000, 0x0000000087a00000| Untracked 
| 123|0x0000000087b00000, 0x0000000087b00000, 0x0000000087c00000|  0%| F|  |TAMS 0x0000000087b00000, 0x0000000087b00000| Untracked 
| 124|0x0000000087c00000, 0x0000000087c00000, 0x0000000087d00000|  0%| F|  |TAMS 0x0000000087c00000, 0x0000000087c00000| Untracked 
| 125|0x0000000087d00000, 0x0000000087d00000, 0x0000000087e00000|  0%| F|  |TAMS 0x0000000087d00000, 0x0000000087d00000| Untracked 
| 126|0x0000000087e00000, 0x0000000087e00000, 0x0000000087f00000|  0%| F|  |TAMS 0x0000000087e00000, 0x0000000087e00000| Untracked 
| 127|0x0000000087f00000, 0x0000000087f00000, 0x0000000088000000|  0%| F|  |TAMS 0x0000000087f00000, 0x0000000087f00000| Untracked 
| 128|0x0000000088000000, 0x0000000088000000, 0x0000000088100000|  0%| F|  |TAMS 0x0000000088000000, 0x0000000088000000| Untracked 
| 129|0x0000000088100000, 0x0000000088100000, 0x0000000088200000|  0%| F|  |TAMS 0x0000000088100000, 0x0000000088100000| Untracked 
| 130|0x0000000088200000, 0x0000000088200000, 0x0000000088300000|  0%| F|  |TAMS 0x0000000088200000, 0x0000000088200000| Untracked 
| 131|0x0000000088300000, 0x0000000088300000, 0x0000000088400000|  0%| F|  |TAMS 0x0000000088300000, 0x0000000088300000| Untracked 
| 132|0x0000000088400000, 0x0000000088400000, 0x0000000088500000|  0%| F|  |TAMS 0x0000000088400000, 0x0000000088400000| Untracked 
| 133|0x0000000088500000, 0x0000000088500000, 0x0000000088600000|  0%| F|  |TAMS 0x0000000088500000, 0x0000000088500000| Untracked 
| 134|0x0000000088600000, 0x0000000088600000, 0x0000000088700000|  0%| F|  |TAMS 0x0000000088600000, 0x0000000088600000| Untracked 
| 135|0x0000000088700000, 0x0000000088700000, 0x0000000088800000|  0%| F|  |TAMS 0x0000000088700000, 0x0000000088700000| Untracked 
| 136|0x0000000088800000, 0x0000000088800000, 0x0000000088900000|  0%| F|  |TAMS 0x0000000088800000, 0x0000000088800000| Untracked 
| 137|0x0000000088900000, 0x0000000088900000, 0x0000000088a00000|  0%| F|  |TAMS 0x0000000088900000, 0x0000000088900000| Untracked 
| 138|0x0000000088a00000, 0x0000000088a00000, 0x0000000088b00000|  0%| F|  |TAMS 0x0000000088a00000, 0x0000000088a00000| Untracked 
| 139|0x0000000088b00000, 0x0000000088b00000, 0x0000000088c00000|  0%| F|  |TAMS 0x0000000088b00000, 0x0000000088b00000| Untracked 
| 140|0x0000000088c00000, 0x0000000088c00000, 0x0000000088d00000|  0%| F|  |TAMS 0x0000000088c00000, 0x0000000088c00000| Untracked 
| 141|0x0000000088d00000, 0x0000000088d00000, 0x0000000088e00000|  0%| F|  |TAMS 0x0000000088d00000, 0x0000000088d00000| Untracked 
| 142|0x0000000088e00000, 0x0000000088e00000, 0x0000000088f00000|  0%| F|  |TAMS 0x0000000088e00000, 0x0000000088e00000| Untracked 
| 143|0x0000000088f00000, 0x0000000088f00000, 0x0000000089000000|  0%| F|  |TAMS 0x0000000088f00000, 0x0000000088f00000| Untracked 
| 144|0x0000000089000000, 0x0000000089000000, 0x0000000089100000|  0%| F|  |TAMS 0x0000000089000000, 0x0000000089000000| Untracked 
| 145|0x0000000089100000, 0x0000000089100000, 0x0000000089200000|  0%| F|  |TAMS 0x0000000089100000, 0x0000000089100000| Untracked 
| 146|0x0000000089200000, 0x0000000089200000, 0x0000000089300000|  0%| F|  |TAMS 0x0000000089200000, 0x0000000089200000| Untracked 
| 147|0x0000000089300000, 0x0000000089300000, 0x0000000089400000|  0%| F|  |TAMS 0x0000000089300000, 0x0000000089300000| Untracked 
| 148|0x0000000089400000, 0x0000000089400000, 0x0000000089500000|  0%| F|  |TAMS 0x0000000089400000, 0x0000000089400000| Untracked 
| 149|0x0000000089500000, 0x0000000089500000, 0x0000000089600000|  0%| F|  |TAMS 0x0000000089500000, 0x0000000089500000| Untracked 
| 150|0x0000000089600000, 0x0000000089600000, 0x0000000089700000|  0%| F|  |TAMS 0x0000000089600000, 0x0000000089600000| Untracked 
| 151|0x0000000089700000, 0x0000000089700000, 0x0000000089800000|  0%| F|  |TAMS 0x0000000089700000, 0x0000000089700000| Untracked 
| 152|0x0000000089800000, 0x0000000089800000, 0x0000000089900000|  0%| F|  |TAMS 0x0000000089800000, 0x0000000089800000| Untracked 
| 153|0x0000000089900000, 0x0000000089900000, 0x0000000089a00000|  0%| F|  |TAMS 0x0000000089900000, 0x0000000089900000| Untracked 
| 154|0x0000000089a00000, 0x0000000089a00000, 0x0000000089b00000|  0%| F|  |TAMS 0x0000000089a00000, 0x0000000089a00000| Untracked 
| 155|0x0000000089b00000, 0x0000000089b00000, 0x0000000089c00000|  0%| F|  |TAMS 0x0000000089b00000, 0x0000000089b00000| Untracked 
| 156|0x0000000089c00000, 0x0000000089c00000, 0x0000000089d00000|  0%| F|  |TAMS 0x0000000089c00000, 0x0000000089c00000| Untracked 
| 157|0x0000000089d00000, 0x0000000089d00000, 0x0000000089e00000|  0%| F|  |TAMS 0x0000000089d00000, 0x0000000089d00000| Untracked 
| 158|0x0000000089e00000, 0x0000000089e00000, 0x0000000089f00000|  0%| F|  |TAMS 0x0000000089e00000, 0x0000000089e00000| Untracked 
| 159|0x0000000089f00000, 0x0000000089f00000, 0x000000008a000000|  0%| F|  |TAMS 0x0000000089f00000, 0x0000000089f00000| Untracked 
| 160|0x000000008a000000, 0x000000008a000000, 0x000000008a100000|  0%| F|  |TAMS 0x000000008a000000, 0x000000008a000000| Untracked 
| 161|0x000000008a100000, 0x000000008a100000, 0x000000008a200000|  0%| F|  |TAMS 0x000000008a100000, 0x000000008a100000| Untracked 
| 162|0x000000008a200000, 0x000000008a200000, 0x000000008a300000|  0%| F|  |TAMS 0x000000008a200000, 0x000000008a200000| Untracked 
| 163|0x000000008a300000, 0x000000008a400000, 0x000000008a400000|100%| E|  |TAMS 0x000000008a300000, 0x000000008a300000| Complete 
| 164|0x000000008a400000, 0x000000008a500000, 0x000000008a500000|100%| E|CS|TAMS 0x000000008a400000, 0x000000008a400000| Complete 
| 165|0x000000008a500000, 0x000000008a600000, 0x000000008a600000|100%| E|CS|TAMS 0x000000008a500000, 0x000000008a500000| Complete 
| 166|0x000000008a600000, 0x000000008a700000, 0x000000008a700000|100%| E|CS|TAMS 0x000000008a600000, 0x000000008a600000| Complete 
| 167|0x000000008a700000, 0x000000008a800000, 0x000000008a800000|100%| E|CS|TAMS 0x000000008a700000, 0x000000008a700000| Complete 
| 168|0x000000008a800000, 0x000000008a900000, 0x000000008a900000|100%| E|CS|TAMS 0x000000008a800000, 0x000000008a800000| Complete 
| 169|0x000000008a900000, 0x000000008aa00000, 0x000000008aa00000|100%| E|CS|TAMS 0x000000008a900000, 0x000000008a900000| Complete 
| 170|0x000000008aa00000, 0x000000008ab00000, 0x000000008ab00000|100%| E|CS|TAMS 0x000000008aa00000, 0x000000008aa00000| Complete 
| 171|0x000000008ab00000, 0x000000008ac00000, 0x000000008ac00000|100%| E|CS|TAMS 0x000000008ab00000, 0x000000008ab00000| Complete 
| 172|0x000000008ac00000, 0x000000008ad00000, 0x000000008ad00000|100%| E|CS|TAMS 0x000000008ac00000, 0x000000008ac00000| Complete 
| 173|0x000000008ad00000, 0x000000008ae00000, 0x000000008ae00000|100%| E|CS|TAMS 0x000000008ad00000, 0x000000008ad00000| Complete 
| 174|0x000000008ae00000, 0x000000008af00000, 0x000000008af00000|100%| E|CS|TAMS 0x000000008ae00000, 0x000000008ae00000| Complete 
| 175|0x000000008af00000, 0x000000008b000000, 0x000000008b000000|100%| E|CS|TAMS 0x000000008af00000, 0x000000008af00000| Complete 
| 176|0x000000008b000000, 0x000000008b100000, 0x000000008b100000|100%| E|CS|TAMS 0x000000008b000000, 0x000000008b000000| Complete 
| 177|0x000000008b100000, 0x000000008b200000, 0x000000008b200000|100%| E|CS|TAMS 0x000000008b100000, 0x000000008b100000| Complete 
| 178|0x000000008b200000, 0x000000008b300000, 0x000000008b300000|100%| E|CS|TAMS 0x000000008b200000, 0x000000008b200000| Complete 
| 179|0x000000008b300000, 0x000000008b400000, 0x000000008b400000|100%| E|CS|TAMS 0x000000008b300000, 0x000000008b300000| Complete 
| 180|0x000000008b400000, 0x000000008b500000, 0x000000008b500000|100%| E|CS|TAMS 0x000000008b400000, 0x000000008b400000| Complete 
| 181|0x000000008b500000, 0x000000008b600000, 0x000000008b600000|100%| E|CS|TAMS 0x000000008b500000, 0x000000008b500000| Complete 
| 182|0x000000008b600000, 0x000000008b700000, 0x000000008b700000|100%| E|CS|TAMS 0x000000008b600000, 0x000000008b600000| Complete 
| 183|0x000000008b700000, 0x000000008b800000, 0x000000008b800000|100%| E|CS|TAMS 0x000000008b700000, 0x000000008b700000| Complete 
| 184|0x000000008b800000, 0x000000008b900000, 0x000000008b900000|100%| E|CS|TAMS 0x000000008b800000, 0x000000008b800000| Complete 

Card table byte_map: [0x000001707be50000,0x000001707c250000] _byte_map_base: 0x000001707ba50000

Marking Bits (Prev, Next): (CMBitMap*) 0x0000017077f6e6c0, (CMBitMap*) 0x0000017077f6e688
 Prev Bits: [0x000001700f000000, 0x0000017011000000)
 Next Bits: [0x000001707c650000, 0x000001707e650000)

Polling page: 0x0000017075ea0000

Metaspace:

Usage:
  Non-class:     54.51 MB capacity,    53.41 MB ( 98%) used,   958.73 KB (  2%) free+waste,   164.13 KB ( <1%) overhead. 
      Class:      8.16 MB capacity,     7.62 MB ( 93%) used,   480.98 KB (  6%) free+waste,    76.81 KB ( <1%) overhead. 
       Both:     62.67 MB capacity,    61.03 MB ( 97%) used,     1.41 MB (  2%) free+waste,   240.94 KB ( <1%) overhead. 

Virtual space:
  Non-class space:       56.00 MB reserved,      54.75 MB ( 98%) committed 
      Class space:        1.00 GB reserved,       8.25 MB ( <1%) committed 
             Both:        1.05 GB reserved,      63.00 MB (  6%) committed 

Chunk freelists:
   Non-Class:  56.00 KB
       Class:  26.00 KB
        Both:  82.00 KB

MaxMetaspaceSize: 17179869184.00 GB
CompressedClassSpaceSize: 1.00 GB
Initial GC threshold: 20.80 MB
Current GC threshold: 75.00 MB
CDS: off

CodeHeap 'non-profiled nmethods': size=120064Kb used=2925Kb max_used=2925Kb free=117138Kb
 bounds [0x0000017007ac0000, 0x0000017007da0000, 0x000001700f000000]
CodeHeap 'profiled nmethods': size=120000Kb used=12432Kb max_used=12432Kb free=107567Kb
 bounds [0x0000017000590000, 0x00000170011c0000, 0x0000017007ac0000]
CodeHeap 'non-nmethods': size=5696Kb used=2329Kb max_used=2331Kb free=3366Kb
 bounds [0x0000017000000000, 0x0000017000270000, 0x0000017000590000]
 total_blobs=6982 nmethods=6141 adapters=753
 compilation: enabled
              stopped_count=0, restarted_count=0
 full_count=0

Compilation events (20 events):
Event: 25.467 Thread 0x000001707eb5d000 6200       2       sun.security.util.ManifestDigester$Section::<init> (26 bytes)
Event: 25.467 Thread 0x000001707eb5d000 nmethod 6200 0x000001700119f110 code [0x000001700119f2c0, 0x000001700119f418]
Event: 25.467 Thread 0x000001707eb5d000 6201       3       sun.security.util.ManifestDigester::findSection (180 bytes)
Event: 25.469 Thread 0x000001707eb5d000 nmethod 6201 0x000001700119f490 code [0x000001700119f660, 0x000001700119faf8]
Event: 25.470 Thread 0x000001707eb5d000 6202       2       sun.security.util.ManifestDigester$Entry::addSection (13 bytes)
Event: 25.470 Thread 0x000001707eb5d000 nmethod 6202 0x000001700119fc90 code [0x000001700119fe40, 0x000001700119ff68]
Event: 25.470 Thread 0x000001707eb5d000 6203       2       sun.security.util.ManifestDigester::isNameAttr (102 bytes)
Event: 25.471 Thread 0x000001707eb5d000 nmethod 6203 0x00000170011a0010 code [0x00000170011a01c0, 0x00000170011a0418]
Event: 25.471 Thread 0x000001707eb5d000 6204       2       sun.security.util.ManifestDigester$$Lambda$680/0x0000000100807840::apply (8 bytes)
Event: 25.471 Thread 0x000001707eb5d000 nmethod 6204 0x00000170011a0590 code [0x00000170011a0760, 0x00000170011a0a18]
Event: 25.471 Thread 0x000001707eb5d000 6205       2       sun.security.util.ManifestDigester::lambda$new$0 (8 bytes)
Event: 25.472 Thread 0x000001707eb5d000 nmethod 6205 0x00000170011a0b10 code [0x00000170011a0cc0, 0x00000170011a0f18]
Event: 25.485 Thread 0x000001707eb5d000 6206       2       java.io.ByteArrayOutputStream::ensureCapacity (16 bytes)
Event: 25.485 Thread 0x000001707eb5d000 nmethod 6206 0x00000170011a1010 code [0x00000170011a11c0, 0x00000170011a12e8]
Event: 25.490 Thread 0x000001707eb5d000 6208       2       sun.security.util.ObjectIdentifier::pack7Oid (84 bytes)
Event: 25.490 Thread 0x000001707eb5d000 nmethod 6208 0x00000170011a1390 code [0x00000170011a1560, 0x00000170011a17f8]
Event: 25.490 Thread 0x000001707eb5d000 6207       2       sun.security.util.ObjectIdentifier::pack7Oid (42 bytes)
Event: 25.491 Thread 0x000001707eb5d000 nmethod 6207 0x00000170011a1990 code [0x00000170011a1b40, 0x00000170011a1d08]
Event: 25.491 Thread 0x000001707eb5d000 6209       2       sun.security.util.ObjectIdentifier::checkOtherComponent (39 bytes)
Event: 25.492 Thread 0x000001707eb5d000 nmethod 6209 0x00000170011a1e10 code [0x00000170011a2020, 0x00000170011a2448]

GC Heap History (20 events):
Event: 1.800 GC heap before
{Heap before GC invocations=1 (full 0):
 garbage-first heap   total 131072K, used 18630K [0x0000000080000000, 0x0000000100000000)
  region size 1024K, 13 young (13312K), 2 survivors (2048K)
 Metaspace       used 9890K, capacity 10118K, committed 10368K, reserved 1058816K
  class space    used 1011K, capacity 1102K, committed 1152K, reserved 1048576K
}
Event: 1.806 GC heap after
{Heap after GC invocations=2 (full 0):
 garbage-first heap   total 131072K, used 9395K [0x0000000080000000, 0x0000000100000000)
  region size 1024K, 2 young (2048K), 2 survivors (2048K)
 Metaspace       used 9890K, capacity 10118K, committed 10368K, reserved 1058816K
  class space    used 1011K, capacity 1102K, committed 1152K, reserved 1048576K
}
Event: 3.023 GC heap before
{Heap before GC invocations=2 (full 0):
 garbage-first heap   total 131072K, used 36019K [0x0000000080000000, 0x0000000100000000)
  region size 1024K, 28 young (28672K), 2 survivors (2048K)
 Metaspace       used 10854K, capacity 11073K, committed 11264K, reserved 1058816K
  class space    used 1112K, capacity 1207K, committed 1280K, reserved 1048576K
}
Event: 3.036 GC heap after
{Heap after GC invocations=3 (full 0):
 garbage-first heap   total 131072K, used 10316K [0x0000000080000000, 0x0000000100000000)
  region size 1024K, 3 young (3072K), 3 survivors (3072K)
 Metaspace       used 10854K, capacity 11073K, committed 11264K, reserved 1058816K
  class space    used 1112K, capacity 1207K, committed 1280K, reserved 1048576K
}
Event: 7.726 GC heap before
{Heap before GC invocations=3 (full 0):
 garbage-first heap   total 131072K, used 49228K [0x0000000080000000, 0x0000000100000000)
  region size 1024K, 41 young (41984K), 3 survivors (3072K)
 Metaspace       used 17072K, capacity 17391K, committed 17408K, reserved 1064960K
  class space    used 1940K, capacity 2035K, committed 2048K, reserved 1048576K
}
Event: 7.744 GC heap after
{Heap after GC invocations=4 (full 0):
 garbage-first heap   total 131072K, used 15768K [0x0000000080000000, 0x0000000100000000)
  region size 1024K, 6 young (6144K), 6 survivors (6144K)
 Metaspace       used 17072K, capacity 17391K, committed 17408K, reserved 1064960K
  class space    used 1940K, capacity 2035K, committed 2048K, reserved 1048576K
}
Event: 8.639 GC heap before
{Heap before GC invocations=4 (full 0):
 garbage-first heap   total 131072K, used 51608K [0x0000000080000000, 0x0000000100000000)
  region size 1024K, 42 young (43008K), 6 survivors (6144K)
 Metaspace       used 20831K, capacity 21189K, committed 21296K, reserved 1069056K
  class space    used 2525K, capacity 2688K, committed 2688K, reserved 1048576K
}
Event: 8.655 GC heap after
{Heap after GC invocations=5 (full 0):
 garbage-first heap   total 131072K, used 17254K [0x0000000080000000, 0x0000000100000000)
  region size 1024K, 6 young (6144K), 6 survivors (6144K)
 Metaspace       used 20831K, capacity 21189K, committed 21296K, reserved 1069056K
  class space    used 2525K, capacity 2688K, committed 2688K, reserved 1048576K
}
Event: 10.749 GC heap before
{Heap before GC invocations=6 (full 0):
 garbage-first heap   total 131072K, used 73574K [0x0000000080000000, 0x0000000100000000)
  region size 1024K, 61 young (62464K), 6 survivors (6144K)
 Metaspace       used 26707K, capacity 27303K, committed 27520K, reserved 1073152K
  class space    used 3452K, capacity 3670K, committed 3712K, reserved 1048576K
}
Event: 10.768 GC heap after
{Heap after GC invocations=7 (full 0):
 garbage-first heap   total 157696K, used 19717K [0x0000000080000000, 0x0000000100000000)
  region size 1024K, 4 young (4096K), 4 survivors (4096K)
 Metaspace       used 26707K, capacity 27303K, committed 27520K, reserved 1073152K
  class space    used 3452K, capacity 3670K, committed 3712K, reserved 1048576K
}
Event: 13.954 GC heap before
{Heap before GC invocations=8 (full 0):
 garbage-first heap   total 157696K, used 89349K [0x0000000080000000, 0x0000000100000000)
  region size 1024K, 72 young (73728K), 4 survivors (4096K)
 Metaspace       used 36929K, capacity 37780K, committed 38016K, reserved 1083392K
  class space    used 4687K, capacity 4992K, committed 4992K, reserved 1048576K
}
Event: 13.976 GC heap after
{Heap after GC invocations=9 (full 0):
 garbage-first heap   total 157696K, used 24633K [0x0000000080000000, 0x0000000100000000)
  region size 1024K, 9 young (9216K), 9 survivors (9216K)
 Metaspace       used 36929K, capacity 37780K, committed 38016K, reserved 1083392K
  class space    used 4687K, capacity 4992K, committed 4992K, reserved 1048576K
}
Event: 17.106 GC heap before
{Heap before GC invocations=9 (full 0):
 garbage-first heap   total 157696K, used 103481K [0x0000000080000000, 0x0000000100000000)
  region size 1024K, 84 young (86016K), 9 survivors (9216K)
 Metaspace       used 42041K, capacity 43230K, committed 43392K, reserved 1087488K
  class space    used 5341K, capacity 5732K, committed 5760K, reserved 1048576K
}
Event: 17.136 GC heap after
{Heap after GC invocations=10 (full 0):
 garbage-first heap   total 157696K, used 29064K [0x0000000080000000, 0x0000000100000000)
  region size 1024K, 10 young (10240K), 10 survivors (10240K)
 Metaspace       used 42041K, capacity 43230K, committed 43392K, reserved 1087488K
  class space    used 5341K, capacity 5732K, committed 5760K, reserved 1048576K
}
Event: 17.807 GC heap before
{Heap before GC invocations=10 (full 0):
 garbage-first heap   total 157696K, used 53640K [0x0000000080000000, 0x0000000100000000)
  region size 1024K, 35 young (35840K), 10 survivors (10240K)
 Metaspace       used 44563K, capacity 45694K, committed 45824K, reserved 1089536K
  class space    used 5608K, capacity 6020K, committed 6144K, reserved 1048576K
}
Event: 17.841 GC heap after
{Heap after GC invocations=11 (full 0):
 garbage-first heap   total 157696K, used 30720K [0x0000000080000000, 0x0000000100000000)
  region size 1024K, 7 young (7168K), 7 survivors (7168K)
 Metaspace       used 44563K, capacity 45694K, committed 45824K, reserved 1089536K
  class space    used 5608K, capacity 6020K, committed 6144K, reserved 1048576K
}
Event: 20.943 GC heap before
{Heap before GC invocations=12 (full 0):
 garbage-first heap   total 157696K, used 115712K [0x0000000080000000, 0x0000000100000000)
  region size 1024K, 90 young (92160K), 7 survivors (7168K)
 Metaspace       used 48758K, capacity 50183K, committed 50432K, reserved 1093632K
  class space    used 6149K, capacity 6619K, committed 6656K, reserved 1048576K
}
Event: 20.978 GC heap after
{Heap after GC invocations=13 (full 0):
 garbage-first heap   total 189440K, used 35341K [0x0000000080000000, 0x0000000100000000)
  region size 1024K, 7 young (7168K), 7 survivors (7168K)
 Metaspace       used 48758K, capacity 50183K, committed 50432K, reserved 1093632K
  class space    used 6149K, capacity 6619K, committed 6656K, reserved 1048576K
}
Event: 24.756 GC heap before
{Heap before GC invocations=13 (full 0):
 garbage-first heap   total 189440K, used 135693K [0x0000000080000000, 0x0000000100000000)
  region size 1024K, 97 young (99328K), 7 survivors (7168K)
 Metaspace       used 58704K, capacity 60318K, committed 60416K, reserved 1101824K
  class space    used 7311K, capacity 7841K, committed 7936K, reserved 1048576K
}
Event: 24.782 GC heap after
{Heap after GC invocations=14 (full 0):
 garbage-first heap   total 189440K, used 53475K [0x0000000080000000, 0x0000000100000000)
  region size 1024K, 13 young (13312K), 13 survivors (13312K)
 Metaspace       used 58704K, capacity 60318K, committed 60416K, reserved 1101824K
  class space    used 7311K, capacity 7841K, committed 7936K, reserved 1048576K
}

Deoptimization events (20 events):
Event: 24.783 Thread 0x000001707f608000 DEOPT PACKING pc=0x0000017007be6d6c sp=0x0000006c75aff3b0
Event: 24.783 Thread 0x000001707f608000 DEOPT UNPACKING pc=0x000001700004a1af sp=0x0000006c75aff390 mode 2
Event: 25.236 Thread 0x0000017013fdb000 Uncommon trap: trap_request=0xffffff4d fr.pc=0x0000017007d8d160 relative=0x00000000000001c0
Event: 25.236 Thread 0x0000017013fdb000 Uncommon trap: reason=unstable_if action=reinterpret pc=0x0000017007d8d160 method=java.security.SecureClassLoader$CodeSourceKey.hashCode()I @ 9 c2
Event: 25.236 Thread 0x0000017013fdb000 DEOPT PACKING pc=0x0000017007d8d160 sp=0x0000006c764f2470
Event: 25.236 Thread 0x0000017013fdb000 DEOPT UNPACKING pc=0x000001700004a1af sp=0x0000006c764f2400 mode 2
Event: 25.236 Thread 0x0000017013fdb000 Uncommon trap: trap_request=0xffffff4d fr.pc=0x0000017007d7fcac relative=0x000000000000014c
Event: 25.236 Thread 0x0000017013fdb000 Uncommon trap: reason=unstable_if action=reinterpret pc=0x0000017007d7fcac method=java.lang.ClassLoader.defineClassSourceLocation(Ljava/security/ProtectionDomain;)Ljava/lang/String; @ 15 c2
Event: 25.236 Thread 0x0000017013fdb000 DEOPT PACKING pc=0x0000017007d7fcac sp=0x0000006c764f2610
Event: 25.236 Thread 0x0000017013fdb000 DEOPT UNPACKING pc=0x000001700004a1af sp=0x0000006c764f2528 mode 2
Event: 25.449 Thread 0x0000017013fdb000 Uncommon trap: trap_request=0xffffff4d fr.pc=0x0000017007d63264 relative=0x0000000000000644
Event: 25.449 Thread 0x0000017013fdb000 Uncommon trap: reason=unstable_if action=reinterpret pc=0x0000017007d63264 method=java.util.jar.JarFile.maybeInstantiateVerifier()V @ 91 c2
Event: 25.449 Thread 0x0000017013fdb000 DEOPT PACKING pc=0x0000017007d63264 sp=0x0000006c764f4100
Event: 25.449 Thread 0x0000017013fdb000 DEOPT UNPACKING pc=0x000001700004a1af sp=0x0000006c764f3f70 mode 2
Event: 25.469 Thread 0x0000017013fdb000 DEOPT PACKING pc=0x000001700119e143 sp=0x0000006c764f3d40
Event: 25.469 Thread 0x0000017013fdb000 DEOPT UNPACKING pc=0x000001700004a95e sp=0x0000006c764f31b8 mode 0
Event: 25.472 Thread 0x0000017013fdb000 Uncommon trap: trap_request=0xffffff4d fr.pc=0x0000017007d3f438 relative=0x00000000000002d8
Event: 25.472 Thread 0x0000017013fdb000 Uncommon trap: reason=unstable_if action=reinterpret pc=0x0000017007d3f438 method=java.lang.ThreadLocal.get()Ljava/lang/Object; @ 11 c2
Event: 25.472 Thread 0x0000017013fdb000 DEOPT PACKING pc=0x0000017007d3f438 sp=0x0000006c764f3c50
Event: 25.473 Thread 0x0000017013fdb000 DEOPT UNPACKING pc=0x000001700004a1af sp=0x0000006c764f3c10 mode 2

Classes redefined (0 events):
No events

Internal exceptions (20 events):
Event: 22.254 Thread 0x00000170141b1000 Exception <a 'java/lang/NoSuchMethodError'{0x000000008a0b22c0}: <clinit>> (0x000000008a0b22c0) thrown at [./src/hotspot/share/prims/jni.cpp, line 1366]
Event: 22.255 Thread 0x00000170141b1000 Exception <a 'java/lang/NoSuchMethodError'{0x000000008a0b35c8}: <clinit>> (0x000000008a0b35c8) thrown at [./src/hotspot/share/prims/jni.cpp, line 1366]
Event: 22.255 Thread 0x00000170141b1000 Exception <a 'java/lang/NoSuchMethodError'{0x000000008a0b45e8}: <clinit>> (0x000000008a0b45e8) thrown at [./src/hotspot/share/prims/jni.cpp, line 1366]
Event: 22.259 Thread 0x00000170141b1000 Exception <a 'java/lang/NoSuchMethodError'{0x000000008a0c68e0}: <clinit>> (0x000000008a0c68e0) thrown at [./src/hotspot/share/prims/jni.cpp, line 1366]
Event: 22.262 Thread 0x00000170141b1000 Exception <a 'java/lang/NoSuchMethodError'{0x000000008a0d0de8}: <clinit>> (0x000000008a0d0de8) thrown at [./src/hotspot/share/prims/jni.cpp, line 1366]
Event: 22.271 Thread 0x00000170141b1000 Exception <a 'java/lang/NoSuchMethodError'{0x000000008a0e4730}: <clinit>> (0x000000008a0e4730) thrown at [./src/hotspot/share/prims/jni.cpp, line 1366]
Event: 22.363 Thread 0x0000017013fdb000 Exception <a 'java/lang/ClassNotFoundException'{0x0000000089f5bb80}: build_9gqkx9sdl2c0z9v2dhozlqd8yBeanInfo> (0x0000000089f5bb80) thrown at [./src/hotspot/share/classfile/systemDictionary.cpp, line 231]
Event: 22.365 Thread 0x0000017013fdb000 Exception <a 'java/lang/ClassNotFoundException'{0x0000000089f674e0}: build_9gqkx9sdl2c0z9v2dhozlqd8yCustomizer> (0x0000000089f674e0) thrown at [./src/hotspot/share/classfile/systemDictionary.cpp, line 231]
Event: 22.428 Thread 0x0000017013fdb000 Exception <a 'java/lang/ClassNotFoundException'{0x0000000089d71b00}: org/gradle/api/internal/plugins/DefaultObjectConfigurationActionBeanInfo> (0x0000000089d71b00) thrown at [./src/hotspot/share/classfile/systemDictionary.cpp, line 231]
Event: 22.431 Thread 0x0000017013fdb000 Exception <a 'java/lang/ClassNotFoundException'{0x0000000089da8d18}: org/gradle/api/internal/plugins/DefaultObjectConfigurationActionCustomizer> (0x0000000089da8d18) thrown at [./src/hotspot/share/classfile/systemDictionary.cpp, line 231]
Event: 22.852 Thread 0x0000017013fdb000 Exception <a 'java/lang/NoSuchMethodError'{0x00000000892919d0}: 'java.lang.Object java.lang.invoke.DirectMethodHandle$Holder.invokeStatic(java.lang.Object, java.lang.Object, java.lang.Object, java.lang.Object, int)'> (0x00000000892919d0) thrown at [./src/hotspot/share/interpreter/linkResolver.cpp, line 773]
Event: 22.853 Thread 0x0000017013fdb000 Exception <a 'java/lang/NoSuchMethodError'{0x00000000892963c8}: 'java.lang.Object java.lang.invoke.DirectMethodHandle$Holder.invokeSpecial(java.lang.Object, java.lang.Object, java.lang.Object, java.lang.Object, java.lang.Object, int)'> (0x00000000892963c8) thrown at [./src/hotspot/share/interpreter/linkResolver.cpp, line 773]
Event: 22.853 Thread 0x0000017013fdb000 Exception <a 'java/lang/NoSuchMethodError'{0x000000008929aa08}: 'java.lang.Object java.lang.invoke.Invokers$Holder.linkToTargetMethod(java.lang.Object, java.lang.Object, java.lang.Object, int, java.lang.Object)'> (0x000000008929aa08) thrown at [./src/hotspot/share/interpreter/linkResolver.cpp, line 773]
Event: 23.479 Thread 0x0000017013fdb000 Exception <a 'java/lang/NoSuchMethodError'{0x0000000088245d48}: 'java.lang.Object java.lang.invoke.DirectMethodHandle$Holder.invokeSpecial(java.lang.Object, java.lang.Object, int, int, java.lang.Object, java.lang.Object, java.lang.Object)'> (0x0000000088245d48) thrown at [./src/hotspot/share/interpreter/linkResolver.cpp, line 773]
Event: 23.480 Thread 0x0000017013fdb000 Exception <a 'java/lang/NoSuchMethodError'{0x000000008824a2c8}: 'java.lang.Object java.lang.invoke.DelegatingMethodHandle$Holder.reinvoke_L(java.lang.Object, int, int, java.lang.Object, java.lang.Object, java.lang.Object)'> (0x000000008824a2c8) thrown at [./src/hotspot/share/interpreter/linkResolver.cpp, line 773]
Event: 23.946 Thread 0x0000017013fdb000 Exception <a 'java/lang/NoSuchMethodError'{0x00000000875681b8}: 'int java.lang.invoke.DirectMethodHandle$Holder.invokeInterface(java.lang.Object, java.lang.Object, java.lang.Object, java.lang.Object)'> (0x00000000875681b8) thrown at [./src/hotspot/share/interpreter/linkResolver.cpp, line 773]
Event: 25.113 Thread 0x0000017013fdb000 Exception <a 'java/lang/IncompatibleClassChangeError'{0x000000008ae0cdd8}: Found class java.lang.Object, but interface was expected> (0x000000008ae0cdd8) thrown at [./src/hotspot/share/interpreter/linkResolver.cpp, line 839]
Event: 25.236 Thread 0x0000017013fdb000 Implicit null exception at 0x0000017007d8cfd4 to 0x0000017007d8d150
Event: 25.236 Thread 0x0000017013fdb000 Implicit null exception at 0x0000017007d7fbb9 to 0x0000017007d7fc9c
Event: 25.472 Thread 0x0000017013fdb000 Implicit null exception at 0x0000017007d3f1ad to 0x0000017007d3f428

Events (20 events):
Event: 25.481 loading class sun/security/util/IOUtils
Event: 25.482 loading class sun/security/util/IOUtils done
Event: 25.482 loading class sun/security/util/DerOutputStream
Event: 25.482 loading class sun/security/util/DerEncoder
Event: 25.482 loading class sun/security/util/DerEncoder done
Event: 25.482 loading class sun/security/util/DerOutputStream done
Event: 25.483 Executing VM operation: Deoptimize
Event: 25.484 Executing VM operation: Deoptimize done
Event: 25.484 loading class sun/security/util/ByteArrayLexOrder
Event: 25.484 loading class sun/security/util/ByteArrayLexOrder done
Event: 25.484 loading class sun/security/util/ByteArrayTagOrder
Event: 25.485 loading class sun/security/util/ByteArrayTagOrder done
Event: 25.485 loading class sun/security/x509/AlgorithmId
Event: 25.487 loading class sun/security/x509/AlgorithmId done
Event: 25.492 loading class java/security/cert/CertificateFactory
Event: 25.492 loading class java/security/cert/CertificateFactory done
Event: 25.492 loading class java/security/cert/CertificateFactorySpi
Event: 25.492 loading class java/security/cert/CertificateFactorySpi done
Event: 25.492 loading class sun/security/provider/X509Factory
Event: 25.493 loading class sun/security/provider/X509Factory done


Dynamic libraries:
0x00007ff6d2570000 - 0x00007ff6d257a000 	C:\Program Files\Android\Android Studio1\jre\bin\java.exe
0x00007ff8bab00000 - 0x00007ff8bad09000 	C:\WINDOWS\SYSTEM32\ntdll.dll
0x00007ff8b9090000 - 0x00007ff8b914e000 	C:\WINDOWS\System32\KERNEL32.DLL
0x00007ff8b8600000 - 0x00007ff8b897c000 	C:\WINDOWS\System32\KERNELBASE.dll
0x00007ff8b8040000 - 0x00007ff8b8151000 	C:\WINDOWS\System32\ucrtbase.dll
0x00007ff8b6eb0000 - 0x00007ff8b6ec7000 	C:\Program Files\Android\Android Studio1\jre\bin\VCRUNTIME140.dll
0x00007ff8a7640000 - 0x00007ff8a7659000 	C:\Program Files\Android\Android Studio1\jre\bin\jli.dll
0x00007ff8b9570000 - 0x00007ff8b971d000 	C:\WINDOWS\System32\USER32.dll
0x00007ff8b8300000 - 0x00007ff8b8326000 	C:\WINDOWS\System32\win32u.dll
0x00007ff8b71e0000 - 0x00007ff8b7485000 	C:\WINDOWS\WinSxS\amd64_microsoft.windows.common-controls_6595b64144ccf1df_6.0.22000.120_none_9d947278b86cc467\COMCTL32.dll
0x00007ff8b9d90000 - 0x00007ff8b9db9000 	C:\WINDOWS\System32\GDI32.dll
0x00007ff8baa00000 - 0x00007ff8baaa3000 	C:\WINDOWS\System32\msvcrt.dll
0x00007ff8b81e0000 - 0x00007ff8b82f8000 	C:\WINDOWS\System32\gdi32full.dll
0x00007ff8b8330000 - 0x00007ff8b83cd000 	C:\WINDOWS\System32\msvcp_win.dll
0x00007ff8b8980000 - 0x00007ff8b89b1000 	C:\WINDOWS\System32\IMM32.DLL
0x00007ff88bca0000 - 0x00007ff88bd3d000 	C:\Program Files\Android\Android Studio1\jre\bin\msvcp140.dll
0x00007ff88f290000 - 0x00007ff88fd92000 	C:\Program Files\Android\Android Studio1\jre\bin\server\jvm.dll
0x00007ff8b99c0000 - 0x00007ff8b9a6e000 	C:\WINDOWS\System32\ADVAPI32.dll
0x00007ff8b8ff0000 - 0x00007ff8b908e000 	C:\WINDOWS\System32\sechost.dll
0x00007ff8b9780000 - 0x00007ff8b98a0000 	C:\WINDOWS\System32\RPCRT4.dll
0x00007ff8b8b60000 - 0x00007ff8b8b68000 	C:\WINDOWS\System32\PSAPI.DLL
0x00007ff8b6f50000 - 0x00007ff8b6f59000 	C:\WINDOWS\SYSTEM32\WSOCK32.dll
0x00007ff8b13b0000 - 0x00007ff8b13e3000 	C:\WINDOWS\SYSTEM32\WINMM.dll
0x00007ff8b6830000 - 0x00007ff8b683a000 	C:\WINDOWS\SYSTEM32\VERSION.dll
0x00007ff8b9170000 - 0x00007ff8b91df000 	C:\WINDOWS\System32\WS2_32.dll
0x00007ff8b6130000 - 0x00007ff8b6148000 	C:\WINDOWS\SYSTEM32\kernel.appcore.dll
0x00007ff8b3040000 - 0x00007ff8b3051000 	C:\Program Files\Android\Android Studio1\jre\bin\verify.dll
0x00007ff8b7880000 - 0x00007ff8b7aa1000 	C:\WINDOWS\SYSTEM32\DBGHELP.DLL
0x00007ff8b7750000 - 0x00007ff8b7781000 	C:\WINDOWS\SYSTEM32\dbgcore.DLL
0x00007ff8b8160000 - 0x00007ff8b81df000 	C:\WINDOWS\System32\bcryptPrimitives.dll
0x00007ff8b2730000 - 0x00007ff8b2759000 	C:\Program Files\Android\Android Studio1\jre\bin\java.dll
0x00007ff8b46d0000 - 0x00007ff8b46db000 	C:\Program Files\Android\Android Studio1\jre\bin\jimage.dll
0x00007ff8b1560000 - 0x00007ff8b1578000 	C:\Program Files\Android\Android Studio1\jre\bin\zip.dll
0x00007ff8b9dc0000 - 0x00007ff8ba585000 	C:\WINDOWS\System32\SHELL32.dll
0x00007ff8b51a0000 - 0x00007ff8b5a05000 	C:\WINDOWS\SYSTEM32\windows.storage.dll
0x00007ff8b8c60000 - 0x00007ff8b8fd6000 	C:\WINDOWS\System32\combase.dll
0x00007ff8b5030000 - 0x00007ff8b5196000 	C:\WINDOWS\SYSTEM32\wintypes.dll
0x00007ff8b9a70000 - 0x00007ff8b9b5a000 	C:\WINDOWS\System32\SHCORE.dll
0x00007ff8b9720000 - 0x00007ff8b977d000 	C:\WINDOWS\System32\shlwapi.dll
0x00007ff8b7f00000 - 0x00007ff8b7f21000 	C:\WINDOWS\SYSTEM32\profapi.dll
0x00007ff8b1540000 - 0x00007ff8b155a000 	C:\Program Files\Android\Android Studio1\jre\bin\net.dll
0x00007ff8afb80000 - 0x00007ff8afc92000 	C:\WINDOWS\SYSTEM32\WINHTTP.dll
0x00007ff8b6530000 - 0x00007ff8b6597000 	C:\WINDOWS\system32\mswsock.dll
0x00007ff8b1520000 - 0x00007ff8b1534000 	C:\Program Files\Android\Android Studio1\jre\bin\nio.dll
0x00007ff8a1b30000 - 0x00007ff8a1b57000 	C:\Users\rb\.gradle\native\e1d6ef7f7dcc3fd88c89a11ec53ec762bb8ba0a96d01ffa2cd45eb1d1d8dd5c5\windows-amd64\native-platform.dll
0x00007ff885340000 - 0x00007ff885484000 	C:\Users\rb\.gradle\native\0d407fdbe67a94daf76414ababcb853783967236a71b16ec16e742cd7a986fd3\windows-amd64\native-platform-file-events.dll
0x00007ff8b4660000 - 0x00007ff8b466a000 	C:\Program Files\Android\Android Studio1\jre\bin\management.dll
0x00007ff8b4610000 - 0x00007ff8b461d000 	C:\Program Files\Android\Android Studio1\jre\bin\management_ext.dll
0x00007ff8b7b90000 - 0x00007ff8b7ba8000 	C:\WINDOWS\SYSTEM32\CRYPTSP.dll
0x00007ff8b6090000 - 0x00007ff8b60c5000 	C:\WINDOWS\system32\rsaenh.dll
0x00007ff8b65d0000 - 0x00007ff8b65f9000 	C:\WINDOWS\SYSTEM32\USERENV.dll
0x00007ff8b7810000 - 0x00007ff8b7837000 	C:\WINDOWS\SYSTEM32\bcrypt.dll
0x00007ff8b6720000 - 0x00007ff8b672c000 	C:\WINDOWS\SYSTEM32\CRYPTBASE.dll
0x00007ff8b5c60000 - 0x00007ff8b5c8d000 	C:\WINDOWS\SYSTEM32\IPHLPAPI.DLL
0x00007ff8baab0000 - 0x00007ff8baab9000 	C:\WINDOWS\System32\NSI.dll
0x00007ff8afb60000 - 0x00007ff8afb79000 	C:\WINDOWS\SYSTEM32\dhcpcsvc6.DLL
0x00007ff8b0420000 - 0x00007ff8b043e000 	C:\WINDOWS\SYSTEM32\dhcpcsvc.DLL
0x00007ff8b5c90000 - 0x00007ff8b5d78000 	C:\WINDOWS\SYSTEM32\DNSAPI.dll

dbghelp: loaded successfully - version: 4.0.5 - missing functions: none
symbol engine: initialized successfully - sym options: 0x614 - pdb path: .;C:\Program Files\Android\Android Studio1\jre\bin;C:\WINDOWS\SYSTEM32;C:\WINDOWS\WinSxS\amd64_microsoft.windows.common-controls_6595b64144ccf1df_6.0.22000.120_none_9d947278b86cc467;C:\Program Files\Android\Android Studio1\jre\bin\server;C:\Users\rb\.gradle\native\e1d6ef7f7dcc3fd88c89a11ec53ec762bb8ba0a96d01ffa2cd45eb1d1d8dd5c5\windows-amd64;C:\Users\rb\.gradle\native\0d407fdbe67a94daf76414ababcb853783967236a71b16ec16e742cd7a986fd3\windows-amd64

VM Arguments:
jvm_args: --add-opens=java.base/java.util=ALL-UNNAMED --add-opens=java.base/java.lang=ALL-UNNAMED --add-opens=java.base/java.lang.invoke=ALL-UNNAMED --add-opens=java.base/java.util=ALL-UNNAMED --add-opens=java.prefs/java.util.prefs=ALL-UNNAMED --add-opens=java.prefs/java.util.prefs=ALL-UNNAMED --add-opens=java.base/java.nio.charset=ALL-UNNAMED --add-opens=java.base/java.net=ALL-UNNAMED --add-opens=java.base/java.util.concurrent.atomic=ALL-UNNAMED -Xmx2048m -Dfile.encoding=UTF-8 -Duser.country=US -Duser.language=en -Duser.variant 
java_command: org.gradle.launcher.daemon.bootstrap.GradleDaemon 7.4
java_class_path (initial): C:\Users\rb\.gradle\wrapper\dists\gradle-7.4-bin\c0gwcg53nkjbqw7r0h0umtfvt\gradle-7.4\lib\gradle-launcher-7.4.jar
Launcher Type: SUN_STANDARD

[Global flags]
     intx CICompilerCount                          = 3                                         {product} {ergonomic}
     uint ConcGCThreads                            = 1                                         {product} {ergonomic}
     uint G1ConcRefinementThreads                  = 4                                         {product} {ergonomic}
   size_t G1HeapRegionSize                         = 1048576                                   {product} {ergonomic}
    uintx GCDrainStackTargetSize                   = 64                                        {product} {ergonomic}
   size_t InitialHeapSize                          = 134217728                                 {product} {ergonomic}
   size_t MarkStackSize                            = 4194304                                   {product} {ergonomic}
   size_t MaxHeapSize                              = 2147483648                                {product} {command line}
   size_t MaxNewSize                               = 1287651328                                {product} {ergonomic}
   size_t MinHeapDeltaBytes                        = 1048576                                   {product} {ergonomic}
    uintx NonNMethodCodeHeapSize                   = 5830732                                {pd product} {ergonomic}
    uintx NonProfiledCodeHeapSize                  = 122913754                              {pd product} {ergonomic}
    uintx ProfiledCodeHeapSize                     = 122913754                              {pd product} {ergonomic}
    uintx ReservedCodeCacheSize                    = 251658240                              {pd product} {ergonomic}
     bool SegmentedCodeCache                       = true                                      {product} {ergonomic}
     bool UseCompressedClassPointers               = true                                 {lp64_product} {ergonomic}
     bool UseCompressedOops                        = true                                 {lp64_product} {ergonomic}
     bool UseG1GC                                  = true                                      {product} {ergonomic}
     bool UseLargePagesIndividualAllocation        = false                                  {pd product} {ergonomic}

Logging:
Log output configuration:
 #0: stdout all=warning uptime,level,tags
 #1: stderr all=off uptime,level,tags

Environment Variables:
PATH=C:\Python310\Scripts\;C:\Python310\;C:\WINDOWS\system32;C:\WINDOWS;C:\WINDOWS\System32\Wbem;C:\WINDOWS\System32\WindowsPowerShell\v1.0\;C:\WINDOWS\System32\OpenSSH\;C:\ProgramData\chocolatey\bin;C:\Program Files\nodejs\;D:\mongosh-1.4.2-win32-x64\bin;C:\Users\rb\AppData\Local\Microsoft\WindowsApps;C:\Users\rb\AppData\Local\Programs\Microsoft VS Code\bin;C:\Users\rb\AppData\Roaming\npm;C:\Program Files\nodejs;D:\mongosh-1.4.2-win32-x64\bin;;C:\Program Files\JetBrains\PyCharm Community Edition 2022.1.2\bin;
USERNAME=rb
OS=Windows_NT
PROCESSOR_IDENTIFIER=Intel64 Family 6 Model 58 Stepping 9, GenuineIntel



---------------  S Y S T E M  ---------------

OS: Windows 11 , 64 bit Build 22000 (10.0.22000.1516)
OS uptime: 0 days 14:25 hours
Hyper-V role detected

CPU:total 4 (initial active 4) (2 cores per cpu, 2 threads per core) family 6 model 58 stepping 9 microcode 0x21, cmov, cx8, fxsr, mmx, sse, sse2, sse3, ssse3, sse4.1, sse4.2, popcnt, avx, clmul, erms, ht, tsc, tscinvbit, tscinv

Memory: 4k page, system-wide physical 8089M (263M free)
TotalPageFile size 10777M (AvailPageFile size 3038M)
current process WorkingSet (physical memory assigned to process): 355M, peak: 355M
current process commit charge ("private bytes"): 403M, peak: 403M

vm_info: OpenJDK 64-Bit Server VM (11.0.13+0-b1751.21-8125866) for windows-amd64 JRE (11.0.13+0-b1751.21-8125866), built on Feb  2 2022 03:00:22 by "builder" with MS VC++ 14.0 (VS2015)

END.
